<?xml version="1.0" encoding="UTF-8"?>
<!-- Generated by org.testng.reporters.JUnitReportReporter -->
<testsuite hostname="LTIN517525" failures="0" tests="8" name="TestCases.TC002_LanguageLearning" time="121.918" errors="0" timestamp="2024-02-28T16:13:38 IST" skipped="0">
  <testcase classname="TestCases.TC002_LanguageLearning" name="keyActions" time="3.344"/>
  <system-out/>
  <testcase classname="TestCases.TC002_LanguageLearning" name="keyActions" time="3.339"/>
  <system-out/>
  <testcase classname="TestCases.TC002_LanguageLearning" name="getLanguages" time="49.286"/>
  <system-out/>
  <testcase classname="TestCases.TC002_LanguageLearning" name="getLanguages" time="49.105"/>
  <system-out/>
  <testcase classname="TestCases.TC002_LanguageLearning" name="closeButton" time="0.076"/>
  <system-out/>
  <testcase classname="TestCases.TC002_LanguageLearning" name="closeButton" time="0.087"/>
  <system-out/>
  <testcase classname="TestCases.TC002_LanguageLearning" name="getLevel" time="8.321"/>
  <system-out/>
  <testcase classname="TestCases.TC002_LanguageLearning" name="getLevel" time="8.360"/>
  <system-out/>
</testsuite> <!-- TestCases.TC002_LanguageLearning -->
