<?xml version="1.0" encoding="UTF-8"?>
<!-- Generated by org.testng.reporters.JUnitReportReporter -->
<testsuite hostname="LTIN517525" failures="0" tests="6" name="TestCases.TC001_IdentifyCourses" time="36.842" errors="0" timestamp="2024-02-28T16:13:38 IST" skipped="0">
  <testcase classname="TestCases.TC001_IdentifyCourses" name="verifyInputBox" time="4.782"/>
  <system-out/>
  <testcase classname="TestCases.TC001_IdentifyCourses" name="verifyInputBox" time="5.307"/>
  <system-out/>
  <testcase classname="TestCases.TC001_IdentifyCourses" name="VerifySelection" time="2.488"/>
  <system-out/>
  <testcase classname="TestCases.TC001_IdentifyCourses" name="VerifySelection" time="2.783"/>
  <system-out/>
  <testcase classname="TestCases.TC001_IdentifyCourses" name="verifyCourse" time="9.803"/>
  <system-out/>
  <testcase classname="TestCases.TC001_IdentifyCourses" name="verifyCourse" time="11.679"/>
  <system-out/>
</testsuite> <!-- TestCases.TC001_IdentifyCourses -->
