<?xml version="1.0" encoding="UTF-8"?>
<!-- Generated by org.testng.reporters.JUnitReportReporter -->
<testsuite hostname="LTIN517525" failures="0" tests="22" name="TestCases.TC003_ForEnterprise" time="53.047" errors="0" timestamp="2024-02-28T16:13:38 IST" skipped="0">
  <testcase classname="TestCases.TC003_ForEnterprise" name="homepage" time="5.648"/>
  <system-out/>
  <testcase classname="TestCases.TC003_ForEnterprise" name="homepage" time="6.354"/>
  <system-out/>
  <testcase classname="TestCases.TC003_ForEnterprise" name="clickEnterprise" time="10.005"/>
  <system-out/>
  <testcase classname="TestCases.TC003_ForEnterprise" name="clickEnterprise" time="12.283"/>
  <system-out/>
  <testcase classname="TestCases.TC003_ForEnterprise" name="clickCoursera" time="3.212"/>
  <system-out/>
  <testcase classname="TestCases.TC003_ForEnterprise" name="clickCoursera" time="6.941"/>
  <system-out/>
  <testcase classname="TestCases.TC003_ForEnterprise" name="scrollToForm" time="0.026"/>
  <system-out/>
  <testcase classname="TestCases.TC003_ForEnterprise" name="scrollToForm" time="0.022"/>
  <system-out/>
  <testcase classname="TestCases.TC003_ForEnterprise" name="fillName" time="0.192"/>
  <system-out/>
  <testcase classname="TestCases.TC003_ForEnterprise" name="fillName" time="0.246"/>
  <system-out/>
  <testcase classname="TestCases.TC003_ForEnterprise" name="personalDetails" time="0.140"/>
  <system-out/>
  <testcase classname="TestCases.TC003_ForEnterprise" name="personalDetails" time="0.156"/>
  <system-out/>
  <testcase classname="TestCases.TC003_ForEnterprise" name="institution" time="0.236"/>
  <system-out/>
  <testcase classname="TestCases.TC003_ForEnterprise" name="institution" time="0.343"/>
  <system-out/>
  <testcase classname="TestCases.TC003_ForEnterprise" name="jobDetails" time="0.347"/>
  <system-out/>
  <testcase classname="TestCases.TC003_ForEnterprise" name="jobDetails" time="0.357"/>
  <system-out/>
  <testcase classname="TestCases.TC003_ForEnterprise" name="countryDetails" time="0.152"/>
  <system-out/>
  <testcase classname="TestCases.TC003_ForEnterprise" name="countryDetails" time="0.182"/>
  <system-out/>
  <testcase classname="TestCases.TC003_ForEnterprise" name="submitButton" time="3.043"/>
  <system-out/>
  <testcase classname="TestCases.TC003_ForEnterprise" name="submitButton" time="3.055"/>
  <system-out/>
  <testcase classname="TestCases.TC003_ForEnterprise" name="errorMessage" time="0.050"/>
  <system-out/>
  <testcase classname="TestCases.TC003_ForEnterprise" name="errorMessage" time="0.057"/>
  <system-out/>
</testsuite> <!-- TestCases.TC003_ForEnterprise -->
