<?xml version="1.0" encoding="UTF-8"?>
<!-- Generated by org.testng.reporters.JUnitReportReporter -->
<testsuite hostname="LTIN517525" failures="0" tests="3" name="TestCases.TC001_IdentifyCourses" time="41.529" errors="0" timestamp="2024-02-28T15:54:53 IST" skipped="0">
  <testcase classname="TestCases.TC001_IdentifyCourses" name="verifyInputBox" time="13.774"/>
  <system-out/>
  <testcase classname="TestCases.TC001_IdentifyCourses" name="VerifySelection" time="6.666"/>
  <system-out/>
  <testcase classname="TestCases.TC001_IdentifyCourses" name="verifyCourse" time="21.089"/>
  <system-out/>
</testsuite> <!-- TestCases.TC001_IdentifyCourses -->
