<?xml version="1.0" encoding="UTF-8"?>
<!-- Generated by org.testng.reporters.JUnitReportReporter -->
<testsuite hostname="LTIN517525" failures="0" tests="4" name="TestCases.TC002_LanguageLearning" time="64.317" errors="0" timestamp="2024-02-28T15:54:53 IST" skipped="0">
  <testcase classname="TestCases.TC002_LanguageLearning" name="keyActions" time="4.193"/>
  <system-out/>
  <testcase classname="TestCases.TC002_LanguageLearning" name="getLanguages" time="51.088"/>
  <system-out/>
  <testcase classname="TestCases.TC002_LanguageLearning" name="closeButton" time="0.257"/>
  <system-out/>
  <testcase classname="TestCases.TC002_LanguageLearning" name="getLevel" time="8.779"/>
  <system-out/>
</testsuite> <!-- TestCases.TC002_LanguageLearning -->
